GROUP,PACKAGE,CLASS,INSTRUCTION_MISSED,INSTRUCTION_COVERED,BRANCH_MISSED,BRANCH_COVERED,LINE_MISSED,LINE_COVERED,COMPLEXITY_MISSED,COMPLEXITY_COVERED,METHOD_MISSED,METHOD_COVERED
demoUnitTest,com.arielZarate.demoUnitTest.util,DiferenciaEntreFechas,0,16,0,0,0,5,0,2,0,2
demoUnitTest,com.arielZarate.demoUnitTest,DemoUnitTestApplication,0,8,0,0,0,3,0,2,0,2
demoUnitTest,com.arielZarate.demoUnitTest.models,CountryResponse,0,45,0,0,0,19,0,13,0,13
demoUnitTest,com.arielZarate.demoUnitTest.models,Country,0,32,0,0,0,14,0,9,0,9
demoUnitTest,com.arielZarate.demoUnitTest.controller,IndependencyController,0,87,0,2,0,17,0,3,0,2
